Using pre-set license

 COMMAND LINE ARGUMENTS:
/Applications/Unity/Hub/Editor/2020.3.8f1/Unity.app/Contents/MacOS/Unity
-adb2
-batchMode
-noUpm
-name
AssetImportWorker0
-projectPath
/Users/stevenchen/Desktop/Numbers_Show
-logFile
Logs/AssetImportWorker0.log
-srvPort
53224
Successfully changed project path to: /Users/stevenchen/Desktop/Numbers_Show
/Users/stevenchen/Desktop/Numbers_Show
Using Asset Import Pipeline V2.
Refreshing native plugins compatible for Editor in 61.85 ms, found 2 plugins.
Preloading 0 native plugins for Editor in 0.00 ms.
Initialize engine version: 2020.3.8f1 (507919d4fff5)
[Subsystems] Discovering subsystems at path /Applications/Unity/Hub/Editor/2020.3.8f1/Unity.app/Contents/Resources/UnitySubsystems
[Subsystems] Discovering subsystems at path /Users/stevenchen/Desktop/Numbers_Show/Assets
GfxDevice: creating device client; threaded=0
2022-04-21 16:32:58.341 Unity[4490:167799] Color LCD preferred device: Intel HD Graphics 5000 (low power)
2022-04-21 16:32:58.341 Unity[4490:167799] Metal devices available: 1
2022-04-21 16:32:58.341 Unity[4490:167799] 0: Intel HD Graphics 5000 (low power)
2022-04-21 16:32:58.341 Unity[4490:167799] Using device Intel HD Graphics 5000 (low power)
Initializing Metal device caps: Intel HD Graphics 5000
Initialize mono
Mono path[0] = '/Applications/Unity/Hub/Editor/2020.3.8f1/Unity.app/Contents/Managed'
Mono path[1] = '/Applications/Unity/Hub/Editor/2020.3.8f1/Unity.app/Contents/MonoBleedingEdge/lib/mono/unityjit'
Mono config path = '/Applications/Unity/Hub/Editor/2020.3.8f1/Unity.app/Contents/MonoBleedingEdge/etc'
Using monoOptions --debugger-agent=transport=dt_socket,embedding=1,server=y,suspend=n,address=127.0.0.1:56490
Begin MonoManager ReloadAssembly
Registering precompiled unity dll's ...
Register platform support module: /Applications/Unity/Hub/Editor/2020.3.8f1/Unity.app/Contents/PlaybackEngines/MacStandaloneSupport/UnityEditor.OSXStandalone.Extensions.dll
Registered in 0.000806 seconds.
Native extension for OSXStandalone target not found
Refreshing native plugins compatible for Editor in 54.49 ms, found 2 plugins.
Preloading 0 native plugins for Editor in 0.00 ms.
Mono: successfully reloaded assembly
- Completed reload, in  2.479 seconds
Platform modules already initialized, skipping
Registering precompiled user dll's ...
Registered in 0.001021 seconds.
Begin MonoManager ReloadAssembly
Native extension for OSXStandalone target not found
Refreshing native plugins compatible for Editor in 59.84 ms, found 2 plugins.
Preloading 0 native plugins for Editor in 0.00 ms.
Mono: successfully reloaded assembly
- Completed reload, in  1.868 seconds
Platform modules already initialized, skipping
========================================================================
Worker process is ready to serve import requests
Launching external process: /Applications/Unity/Hub/Editor/2020.3.8f1/Unity.app/Contents/Tools/UnityShaderCompiler
Launched and connected shader compiler UnityShaderCompiler after 0.03 seconds
Refreshing native plugins compatible for Editor in 0.57 ms, found 2 plugins.
Preloading 0 native plugins for Editor in 0.00 ms.
Unloading 1813 Unused Serialized files (Serialized files now loaded: 0)
System memory in use before: 148.1 MB.
System memory in use after: 148.0 MB.

Unloading 24 unused Assets to reduce memory usage. Loaded Objects now: 2256.
Total: 3.575530 ms (FindLiveObjects: 0.326185 ms CreateObjectMapping: 0.104240 ms MarkObjects: 2.880109 ms  DeleteObjects: 0.263699 ms)

========================================================================
Received Import Request.
  path: Assets/01_Scripts/Numbers_Pool/NumericShow.cs
  artifactKey: Guid(ed616eedc8bb1be4ca573bb8f5abe225) Importer(815301076,1909f56bfc062723c751e8b465ee728b)
Start importing Assets/01_Scripts/Numbers_Pool/NumericShow.cs using Guid(ed616eedc8bb1be4ca573bb8f5abe225) Importer(815301076,1909f56bfc062723c751e8b465ee728b)  -> (artifact id: '99fa156519bb6541927c2008a83c4306') in 3.399643 seconds
  Import took 3.406409 seconds .

========================================================================
Received Import Request.
  Time since last request: 0.000970 seconds.
  path: Assets/01_Scripts/Numbers_Pool/GenericObjectPool.cs
  artifactKey: Guid(be4c3ae445bc14d3d8f0e79eda337069) Importer(815301076,1909f56bfc062723c751e8b465ee728b)
Start importing Assets/01_Scripts/Numbers_Pool/GenericObjectPool.cs using Guid(be4c3ae445bc14d3d8f0e79eda337069) Importer(815301076,1909f56bfc062723c751e8b465ee728b)  -> (artifact id: 'b204799b6af2fae904e56fe57f0ce9c0') in 0.002773 seconds
  Import took 0.007871 seconds .

========================================================================
Received Import Request.
  Time since last request: 0.000315 seconds.
  path: Assets/01_Scripts/Numbers_Pool
  artifactKey: Guid(f307e9b17d0984b09881a001a0d31e9c) Importer(815301076,1909f56bfc062723c751e8b465ee728b)
Start importing Assets/01_Scripts/Numbers_Pool using Guid(f307e9b17d0984b09881a001a0d31e9c) Importer(815301076,1909f56bfc062723c751e8b465ee728b)  -> (artifact id: '293c6e5f46b24953d787fb5fc84bede1') in 0.001910 seconds
  Import took 0.007552 seconds .

========================================================================
Received Import Request.
  Time since last request: 21.467557 seconds.
  path: Assets/01_Scripts/Numbers_Pool/NumericShow.cs
  artifactKey: Guid(ed616eedc8bb1be4ca573bb8f5abe225) Importer(815301076,1909f56bfc062723c751e8b465ee728b)
Start importing Assets/01_Scripts/Numbers_Pool/NumericShow.cs using Guid(ed616eedc8bb1be4ca573bb8f5abe225) Importer(815301076,1909f56bfc062723c751e8b465ee728b)  -> (artifact id: '176b0bec437a4649101d2da14e4e5541') in 0.004471 seconds
  Import took 0.013112 seconds .

========================================================================
Received Prepare
Registering precompiled user dll's ...
Registered in 0.002443 seconds.
Begin MonoManager ReloadAssembly
Native extension for OSXStandalone target not found
Refreshing native plugins compatible for Editor in 0.58 ms, found 2 plugins.
Preloading 0 native plugins for Editor in 0.00 ms.
Mono: successfully reloaded assembly
- Completed reload, in  2.806 seconds
Platform modules already initialized, skipping
Refreshing native plugins compatible for Editor in 1.13 ms, found 2 plugins.
Preloading 0 native plugins for Editor in 0.00 ms.
Unloading 1808 Unused Serialized files (Serialized files now loaded: 0)
System memory in use before: 152.7 MB.
System memory in use after: 152.7 MB.

Unloading 12 unused Assets to reduce memory usage. Loaded Objects now: 2260.
Total: 4.162325 ms (FindLiveObjects: 0.559043 ms CreateObjectMapping: 0.160118 ms MarkObjects: 3.277100 ms  DeleteObjects: 0.164434 ms)

========================================================================
Received Import Request.
  Time since last request: 42.009106 seconds.
  path: Assets/03_Prefab/Pools/Numeric_Pools.prefab
  artifactKey: Guid(3270e72c1dab39646bd135a675ff14c1) Importer(815301076,1909f56bfc062723c751e8b465ee728b)
Start importing Assets/03_Prefab/Pools/Numeric_Pools.prefab using Guid(3270e72c1dab39646bd135a675ff14c1) Importer(815301076,1909f56bfc062723c751e8b465ee728b)  -> (artifact id: 'c9f37c008d90c98485445e3a14cc0db1') in 2.437012 seconds
  Import took 2.446793 seconds .

========================================================================
Received Import Request.
  Time since last request: 0.004686 seconds.
  path: Assets/03_Prefab/Pools/Numeric_Pools.prefab
  artifactKey: Guid(3270e72c1dab39646bd135a675ff14c1) Importer(815301076,1909f56bfc062723c751e8b465ee728b)
Start importing Assets/03_Prefab/Pools/Numeric_Pools.prefab using Guid(3270e72c1dab39646bd135a675ff14c1) Importer(815301076,1909f56bfc062723c751e8b465ee728b)  -> (artifact id: 'c9f37c008d90c98485445e3a14cc0db1') in 0.011066 seconds
  Import took 0.016706 seconds .

========================================================================
Received Prepare
Registering precompiled user dll's ...
Registered in 0.001388 seconds.
Begin MonoManager ReloadAssembly
Native extension for OSXStandalone target not found
Refreshing native plugins compatible for Editor in 1.12 ms, found 2 plugins.
Preloading 0 native plugins for Editor in 0.00 ms.
Mono: successfully reloaded assembly
- Completed reload, in  2.672 seconds
Platform modules already initialized, skipping
Refreshing native plugins compatible for Editor in 0.50 ms, found 2 plugins.
Preloading 0 native plugins for Editor in 0.00 ms.
Unloading 1808 Unused Serialized files (Serialized files now loaded: 0)
System memory in use before: 157.2 MB.
System memory in use after: 157.2 MB.

Unloading 12 unused Assets to reduce memory usage. Loaded Objects now: 2264.
Total: 5.014007 ms (FindLiveObjects: 0.423110 ms CreateObjectMapping: 0.228708 ms MarkObjects: 4.182576 ms  DeleteObjects: 0.176794 ms)

========================================================================
Received Prepare
Registering precompiled user dll's ...
Registered in 0.001441 seconds.
Begin MonoManager ReloadAssembly
Native extension for OSXStandalone target not found
Refreshing native plugins compatible for Editor in 0.70 ms, found 2 plugins.
Preloading 0 native plugins for Editor in 0.00 ms.
Mono: successfully reloaded assembly
- Completed reload, in  2.496 seconds
Platform modules already initialized, skipping
Refreshing native plugins compatible for Editor in 0.77 ms, found 2 plugins.
Preloading 0 native plugins for Editor in 0.00 ms.
Unloading 1808 Unused Serialized files (Serialized files now loaded: 0)
System memory in use before: 157.4 MB.
System memory in use after: 157.4 MB.

Unloading 12 unused Assets to reduce memory usage. Loaded Objects now: 2268.
Total: 4.977294 ms (FindLiveObjects: 0.648860 ms CreateObjectMapping: 0.288013 ms MarkObjects: 3.823232 ms  DeleteObjects: 0.215257 ms)

========================================================================
Received Prepare
Registering precompiled user dll's ...
Registered in 0.001451 seconds.
Begin MonoManager ReloadAssembly
Native extension for OSXStandalone target not found
Refreshing native plugins compatible for Editor in 0.45 ms, found 2 plugins.
Preloading 0 native plugins for Editor in 0.00 ms.
Mono: successfully reloaded assembly
- Completed reload, in  1.695 seconds
Platform modules already initialized, skipping
Refreshing native plugins compatible for Editor in 0.54 ms, found 2 plugins.
Preloading 0 native plugins for Editor in 0.00 ms.
Unloading 1808 Unused Serialized files (Serialized files now loaded: 0)
System memory in use before: 157.6 MB.
System memory in use after: 157.6 MB.

Unloading 12 unused Assets to reduce memory usage. Loaded Objects now: 2272.
Total: 3.353370 ms (FindLiveObjects: 0.228850 ms CreateObjectMapping: 0.083639 ms MarkObjects: 2.890683 ms  DeleteObjects: 0.149071 ms)

